<?xml version="1.0" encoding="utf-8"?>
<items>
    <item>
        <id>1</id>
        <name>Iphone 14</name>
        <description>₹67800.00</description>
    </item>
    <item>
        <id>2</id>
        <name>Iphone 13</name>
        <description>₹57900.00</description>
    </item>
    <item>
        <id>3</id>
        <name>Iphone 12</name>
        <description>₹47500.00</description>
    </item>
</items>
