<?xml version="1.0" encoding="utf-8"?>
<items>
    <item>
        <id>1</id>
        <name>Item 1</name>
        <description>This is the description for Item 1.</description>
    </item>
    <item>
        <id>2</id>
        <name>Item 2</name>
        <description>This is the description for Item 2.</description>
    </item>
    <item>
        <id>3</id>
        <name>Item 3</name>
        <description>This is the description for Item 3.</description>
    </item>
</items>
